

Started GET "/assets/rails.png" for 127.0.0.1 at Sun Jun 09 20:33:33 -0400 2013
Connecting to database specified by database.yml
Served asset /rails.png - 200 OK (15ms)


Started GET "/" for 127.0.0.1 at Sun Jun 09 20:39:01 -0400 2013
Connecting to database specified by database.yml

ActionController::RoutingError (uninitialized constant WelcomeController):
  activesupport (3.2.8) lib/active_support/inflector/methods.rb:219:in `constantize'
  activesupport (3.2.8) lib/active_support/inflector/methods.rb:218:in `each'
  activesupport (3.2.8) lib/active_support/inflector/methods.rb:218:in `constantize'
  actionpack (3.2.8) lib/action_dispatch/routing/route_set.rb:69:in `controller_reference'
  actionpack (3.2.8) lib/action_dispatch/routing/route_set.rb:54:in `controller'
  actionpack (3.2.8) lib/action_dispatch/routing/route_set.rb:32:in `call'
  journey (1.0.4) lib/journey/router.rb:68:in `call'
  journey (1.0.4) lib/journey/router.rb:56:in `each'
  journey (1.0.4) lib/journey/router.rb:56:in `call'
  actionpack (3.2.8) lib/action_dispatch/routing/route_set.rb:600:in `call'
  actionpack (3.2.8) lib/action_dispatch/middleware/best_standards_support.rb:17:in `call'
  rack (1.4.5) lib/rack/etag.rb:23:in `call'
  rack (1.4.5) lib/rack/conditionalget.rb:25:in `call'
  actionpack (3.2.8) lib/action_dispatch/middleware/head.rb:14:in `call'
  actionpack (3.2.8) lib/action_dispatch/middleware/params_parser.rb:21:in `call'
  actionpack (3.2.8) lib/action_dispatch/middleware/flash.rb:242:in `call'
  rack (1.4.5) lib/rack/session/abstract/id.rb:210:in `context'
  rack (1.4.5) lib/rack/session/abstract/id.rb:205:in `call'
  actionpack (3.2.8) lib/action_dispatch/middleware/cookies.rb:339:in `call'
  activerecord (3.2.8) lib/active_record/query_cache.rb:64:in `call'
  activerecord (3.2.8) lib/active_record/connection_adapters/abstract/connection_pool.rb:473:in `call'
  actionpack (3.2.8) lib/action_dispatch/middleware/callbacks.rb:28:in `call'
  activesupport (3.2.8) lib/active_support/callbacks.rb:405:in `_run__1723163986__call__4__callbacks'
  activesupport (3.2.8) lib/active_support/callbacks.rb:405:in `send'
  activesupport (3.2.8) lib/active_support/callbacks.rb:405:in `__run_callback'
  activesupport (3.2.8) lib/active_support/callbacks.rb:385:in `_run_call_callbacks'
  activesupport (3.2.8) lib/active_support/callbacks.rb:81:in `send'
  activesupport (3.2.8) lib/active_support/callbacks.rb:81:in `run_callbacks'
  actionpack (3.2.8) lib/action_dispatch/middleware/callbacks.rb:27:in `call'
  actionpack (3.2.8) lib/action_dispatch/middleware/reloader.rb:65:in `call'
  actionpack (3.2.8) lib/action_dispatch/middleware/remote_ip.rb:31:in `call'
  actionpack (3.2.8) lib/action_dispatch/middleware/debug_exceptions.rb:16:in `call'
  actionpack (3.2.8) lib/action_dispatch/middleware/show_exceptions.rb:56:in `call'
  railties (3.2.8) lib/rails/rack/logger.rb:26:in `call_app'
  railties (3.2.8) lib/rails/rack/logger.rb:16:in `call'
  actionpack (3.2.8) lib/action_dispatch/middleware/request_id.rb:22:in `call'
  rack (1.4.5) lib/rack/methodoverride.rb:21:in `call'
  rack (1.4.5) lib/rack/runtime.rb:17:in `call'
  activesupport (3.2.8) lib/active_support/cache/strategy/local_cache.rb:72:in `call'
  rack (1.4.5) lib/rack/lock.rb:15:in `call'
  actionpack (3.2.8) lib/action_dispatch/middleware/static.rb:62:in `call'
  railties (3.2.8) lib/rails/engine.rb:479:in `call'
  railties (3.2.8) lib/rails/application.rb:223:in `call'
  rack (1.4.5) lib/rack/content_length.rb:14:in `call'
  railties (3.2.8) lib/rails/rack/log_tailer.rb:17:in `call'
  rack (1.4.5) lib/rack/handler/webrick.rb:59:in `service'
  /System/Library/Frameworks/Ruby.framework/Versions/1.8/usr/lib/ruby/1.8/webrick/httpserver.rb:104:in `service'
  /System/Library/Frameworks/Ruby.framework/Versions/1.8/usr/lib/ruby/1.8/webrick/httpserver.rb:65:in `run'
  /System/Library/Frameworks/Ruby.framework/Versions/1.8/usr/lib/ruby/1.8/webrick/server.rb:173:in `start_thread'
  /System/Library/Frameworks/Ruby.framework/Versions/1.8/usr/lib/ruby/1.8/webrick/server.rb:162:in `start'
  /System/Library/Frameworks/Ruby.framework/Versions/1.8/usr/lib/ruby/1.8/webrick/server.rb:162:in `start_thread'
  /System/Library/Frameworks/Ruby.framework/Versions/1.8/usr/lib/ruby/1.8/webrick/server.rb:95:in `start'
  /System/Library/Frameworks/Ruby.framework/Versions/1.8/usr/lib/ruby/1.8/webrick/server.rb:92:in `each'
  /System/Library/Frameworks/Ruby.framework/Versions/1.8/usr/lib/ruby/1.8/webrick/server.rb:92:in `start'
  /System/Library/Frameworks/Ruby.framework/Versions/1.8/usr/lib/ruby/1.8/webrick/server.rb:23:in `start'
  /System/Library/Frameworks/Ruby.framework/Versions/1.8/usr/lib/ruby/1.8/webrick/server.rb:82:in `start'
  rack (1.4.5) lib/rack/handler/webrick.rb:13:in `run'
  rack (1.4.5) lib/rack/server.rb:268:in `start'
  railties (3.2.8) lib/rails/commands/server.rb:70:in `start'
  railties (3.2.8) lib/rails/commands.rb:55
  railties (3.2.8) lib/rails/commands.rb:50:in `tap'
  railties (3.2.8) lib/rails/commands.rb:50
  script/rails:6:in `require'
  script/rails:6


  Rendered /Library/Ruby/Gems/1.8/gems/actionpack-3.2.8/lib/action_dispatch/middleware/templates/rescues/routing_error.erb within rescues/layout (103.5ms)


Started GET "/" for 127.0.0.1 at Sun Jun 09 20:41:04 -0400 2013
Connecting to database specified by database.yml
Processing by HomeController#index as HTML
  Rendered home/index.html.erb within layouts/application (1.1ms)
Compiled home.css  (15ms)  (pid 72418)
Compiled application.css  (27ms)  (pid 72418)
Compiled jquery.js  (5ms)  (pid 72418)
Compiled jquery_ujs.js  (0ms)  (pid 72418)
Compiled home.js  (164ms)  (pid 72418)
Compiled application.js  (282ms)  (pid 72418)
Completed 200 OK in 441ms (Views: 440.1ms | ActiveRecord: 0.0ms)


Started GET "/assets/application.css?body=1" for 127.0.0.1 at Sun Jun 09 20:41:04 -0400 2013
Served asset /application.css - 200 OK (4ms)


Started GET "/assets/home.css?body=1" for 127.0.0.1 at Sun Jun 09 20:41:04 -0400 2013
Served asset /home.css - 200 OK (3ms)


Started GET "/assets/jquery.js?body=1" for 127.0.0.1 at Sun Jun 09 20:41:04 -0400 2013
Served asset /jquery.js - 200 OK (3ms)


Started GET "/assets/jquery_ujs.js?body=1" for 127.0.0.1 at Sun Jun 09 20:41:04 -0400 2013
Served asset /jquery_ujs.js - 200 OK (4ms)


Started GET "/assets/home.js?body=1" for 127.0.0.1 at Sun Jun 09 20:41:04 -0400 2013
Served asset /home.js - 200 OK (2ms)


Started GET "/assets/application.js?body=1" for 127.0.0.1 at Sun Jun 09 20:41:04 -0400 2013
Served asset /application.js - 200 OK (13ms)
Connecting to database specified by database.yml
Connecting to database specified by database.yml
  [1m[36m (14.7ms)[0m  [1mselect sqlite_version(*)[0m
  [1m[35m (1.4ms)[0m  CREATE TABLE "schema_migrations" ("version" varchar(255) NOT NULL) 
  [1m[36m (0.0ms)[0m  [1mPRAGMA index_list("schema_migrations")[0m
  [1m[35m (1.2ms)[0m  CREATE UNIQUE INDEX "unique_schema_migrations" ON "schema_migrations" ("version")
  [1m[36m (0.1ms)[0m  [1mSELECT "schema_migrations"."version" FROM "schema_migrations" [0m
Migrating to CreateBooks (20130610004205)
  [1m[35m (0.1ms)[0m  begin transaction
  [1m[36m (0.4ms)[0m  [1mCREATE TABLE "books" ("id" INTEGER PRIMARY KEY AUTOINCREMENT NOT NULL, "title" varchar(255), "author" varchar(255), "ISBN" varchar(255), "created_at" datetime NOT NULL, "updated_at" datetime NOT NULL) [0m
  [1m[35m (0.2ms)[0m  INSERT INTO "schema_migrations" ("version") VALUES ('20130610004205')
  [1m[36m (1.4ms)[0m  [1mcommit transaction[0m
  [1m[35m (0.1ms)[0m  select sqlite_version(*)
  [1m[36m (0.1ms)[0m  [1mSELECT "schema_migrations"."version" FROM "schema_migrations" [0m
  [1m[35m (0.0ms)[0m  PRAGMA index_list("books")


Started GET "/" for 127.0.0.1 at Sun Jun 09 20:48:09 -0400 2013
Connecting to database specified by database.yml
Processing by HomeController#index as HTML
  Rendered home/index.html.erb within layouts/application (1.8ms)
Compiled books.css  (15ms)  (pid 72444)
Compiled scaffolds.css  (21ms)  (pid 72444)
Compiled application.css  (104ms)  (pid 72444)
Compiled books.js  (345ms)  (pid 72444)
Compiled application.js  (420ms)  (pid 72444)
Completed 200 OK in 731ms (Views: 730.4ms | ActiveRecord: 0.0ms)


Started GET "/assets/books.css?body=1" for 127.0.0.1 at Sun Jun 09 20:48:11 -0400 2013
Served asset /books.css - 200 OK (2ms)


Started GET "/assets/scaffolds.css?body=1" for 127.0.0.1 at Sun Jun 09 20:48:11 -0400 2013
Served asset /scaffolds.css - 200 OK (2ms)


Started GET "/assets/books.js?body=1" for 127.0.0.1 at Sun Jun 09 20:48:11 -0400 2013
Served asset /books.js - 200 OK (1ms)


Started GET "/assets/application.css?body=1" for 127.0.0.1 at Sun Jun 09 20:48:11 -0400 2013
Served asset /application.css - 304 Not Modified (6ms)


Started GET "/assets/home.css?body=1" for 127.0.0.1 at Sun Jun 09 20:48:11 -0400 2013
Served asset /home.css - 304 Not Modified (2ms)


Started GET "/assets/home.js?body=1" for 127.0.0.1 at Sun Jun 09 20:48:11 -0400 2013
Served asset /home.js - 304 Not Modified (2ms)


Started GET "/assets/jquery.js?body=1" for 127.0.0.1 at Sun Jun 09 20:48:11 -0400 2013
Served asset /jquery.js - 304 Not Modified (3ms)


Started GET "/assets/application.js?body=1" for 127.0.0.1 at Sun Jun 09 20:48:11 -0400 2013
Served asset /application.js - 304 Not Modified (52ms)


Started GET "/assets/jquery_ujs.js?body=1" for 127.0.0.1 at Sun Jun 09 20:48:11 -0400 2013
Served asset /jquery_ujs.js - 304 Not Modified (2ms)


Started GET "/books" for 127.0.0.1 at Sun Jun 09 20:48:27 -0400 2013
Processing by BooksController#index as HTML
  [1m[36mBook Load (11.9ms)[0m  [1mSELECT "books".* FROM "books" [0m
  Rendered books/index.html.erb within layouts/application (1.1ms)
Completed 200 OK in 51ms (Views: 6.4ms | ActiveRecord: 13.0ms)


Started GET "/assets/application.css?body=1" for 127.0.0.1 at Sun Jun 09 20:48:27 -0400 2013
Served asset /application.css - 304 Not Modified (0ms)


Started GET "/assets/home.css?body=1" for 127.0.0.1 at Sun Jun 09 20:48:27 -0400 2013
Served asset /home.css - 304 Not Modified (0ms)


Started GET "/assets/jquery_ujs.js?body=1" for 127.0.0.1 at Sun Jun 09 20:48:27 -0400 2013
Served asset /jquery_ujs.js - 304 Not Modified (0ms)


Started GET "/assets/jquery.js?body=1" for 127.0.0.1 at Sun Jun 09 20:48:27 -0400 2013
Served asset /jquery.js - 304 Not Modified (0ms)


Started GET "/assets/home.js?body=1" for 127.0.0.1 at Sun Jun 09 20:48:27 -0400 2013
Served asset /home.js - 304 Not Modified (0ms)


Started GET "/assets/application.js?body=1" for 127.0.0.1 at Sun Jun 09 20:48:27 -0400 2013
Served asset /application.js - 304 Not Modified (0ms)


Started GET "/books/new" for 127.0.0.1 at Sun Jun 09 20:48:31 -0400 2013
Processing by BooksController#new as HTML
  Rendered books/_form.html.erb (54.3ms)
  Rendered books/new.html.erb within layouts/application (75.1ms)
Completed 200 OK in 152ms (Views: 146.6ms | ActiveRecord: 0.0ms)


Started GET "/assets/application.css?body=1" for 127.0.0.1 at Sun Jun 09 20:48:31 -0400 2013
Served asset /application.css - 304 Not Modified (0ms)


Started GET "/assets/jquery.js?body=1" for 127.0.0.1 at Sun Jun 09 20:48:31 -0400 2013
Served asset /jquery.js - 304 Not Modified (0ms)


Started GET "/assets/home.css?body=1" for 127.0.0.1 at Sun Jun 09 20:48:31 -0400 2013
Served asset /home.css - 304 Not Modified (0ms)


Started GET "/assets/jquery_ujs.js?body=1" for 127.0.0.1 at Sun Jun 09 20:48:31 -0400 2013
Served asset /jquery_ujs.js - 304 Not Modified (0ms)


Started GET "/assets/application.js?body=1" for 127.0.0.1 at Sun Jun 09 20:48:31 -0400 2013
Served asset /application.js - 304 Not Modified (0ms)


Started GET "/assets/home.js?body=1" for 127.0.0.1 at Sun Jun 09 20:48:31 -0400 2013
Served asset /home.js - 304 Not Modified (0ms)


Started POST "/books" for 127.0.0.1 at Sun Jun 09 20:48:38 -0400 2013
Processing by BooksController#create as HTML
  Parameters: {"book"=>{"author"=>"Writer McWriterSon", "ISBN"=>"1", "title"=>"Test"}, "commit"=>"Create Book", "utf8"=>"✓", "authenticity_token"=>"qLLcao1sikjng7FafMi+cA3vDwoZByuTNW4LiHTN8JA="}
  [1m[35m (0.1ms)[0m  begin transaction
  [1m[36mSQL (193.6ms)[0m  [1mINSERT INTO "books" ("ISBN", "author", "created_at", "title", "updated_at") VALUES (?, ?, ?, ?, ?)[0m  [["ISBN", "1"], ["author", "Writer McWriterSon"], ["created_at", Mon, 10 Jun 2013 00:48:38 UTC +00:00], ["title", "Test"], ["updated_at", Mon, 10 Jun 2013 00:48:38 UTC +00:00]]
  [1m[35m (40.3ms)[0m  commit transaction
Redirected to http://localhost:3000/books/1
Completed 302 Found in 285ms (ActiveRecord: 234.0ms)


Started GET "/books/1" for 127.0.0.1 at Sun Jun 09 20:48:39 -0400 2013
Processing by BooksController#show as HTML
  Parameters: {"id"=>"1"}
  [1m[36mBook Load (0.3ms)[0m  [1mSELECT "books".* FROM "books" WHERE "books"."id" = ? LIMIT 1[0m  [["id", "1"]]
  Rendered books/show.html.erb within layouts/application (1.2ms)
Completed 200 OK in 26ms (Views: 23.3ms | ActiveRecord: 0.3ms)


Started GET "/assets/application.css?body=1" for 127.0.0.1 at Sun Jun 09 20:48:39 -0400 2013
Served asset /application.css - 304 Not Modified (0ms)


Started GET "/assets/jquery.js?body=1" for 127.0.0.1 at Sun Jun 09 20:48:39 -0400 2013
Served asset /jquery.js - 304 Not Modified (0ms)


Started GET "/assets/home.css?body=1" for 127.0.0.1 at Sun Jun 09 20:48:39 -0400 2013
Served asset /home.css - 304 Not Modified (0ms)


Started GET "/assets/home.js?body=1" for 127.0.0.1 at Sun Jun 09 20:48:39 -0400 2013
Served asset /home.js - 304 Not Modified (0ms)


Started GET "/assets/application.js?body=1" for 127.0.0.1 at Sun Jun 09 20:48:39 -0400 2013
Served asset /application.js - 304 Not Modified (0ms)


Started GET "/assets/jquery_ujs.js?body=1" for 127.0.0.1 at Sun Jun 09 20:48:39 -0400 2013
Served asset /jquery_ujs.js - 304 Not Modified (0ms)


Started GET "/" for 127.0.0.1 at Sun Jun 30 00:04:21 -0400 2013
Connecting to database specified by database.yml
Processing by HomeController#index as HTML
  Rendered home/index.html.erb within layouts/application (2.1ms)
Completed 200 OK in 130ms (Views: 129.6ms | ActiveRecord: 0.0ms)


Started GET "/" for 127.0.0.1 at Sun Jun 30 00:04:32 -0400 2013
Processing by HomeController#index as HTML
  Rendered home/index.html.erb within layouts/application (0.4ms)
Completed 200 OK in 6ms (Views: 5.8ms | ActiveRecord: 0.0ms)


Started GET "/assets/application.css?body=1" for 127.0.0.1 at Sun Jun 30 00:04:32 -0400 2013
Served asset /application.css - 200 OK (9ms)


Started GET "/assets/books.css?body=1" for 127.0.0.1 at Sun Jun 30 00:04:32 -0400 2013
Served asset /books.css - 200 OK (2ms)


Started GET "/assets/home.css?body=1" for 127.0.0.1 at Sun Jun 30 00:04:32 -0400 2013
Served asset /home.css - 200 OK (2ms)


Started GET "/assets/scaffolds.css?body=1" for 127.0.0.1 at Sun Jun 30 00:04:32 -0400 2013
Served asset /scaffolds.css - 200 OK (2ms)


Started GET "/assets/jquery.js?body=1" for 127.0.0.1 at Sun Jun 30 00:04:32 -0400 2013
Served asset /jquery.js - 200 OK (56ms)


Started GET "/assets/jquery_ujs.js?body=1" for 127.0.0.1 at Sun Jun 30 00:04:32 -0400 2013
Served asset /jquery_ujs.js - 200 OK (4ms)


Started GET "/assets/books.js?body=1" for 127.0.0.1 at Sun Jun 30 00:04:32 -0400 2013
Served asset /books.js - 200 OK (2ms)


Started GET "/assets/home.js?body=1" for 127.0.0.1 at Sun Jun 30 00:04:32 -0400 2013
Served asset /home.js - 200 OK (4ms)


Started GET "/assets/application.js?body=1" for 127.0.0.1 at Sun Jun 30 00:04:32 -0400 2013
Served asset /application.js - 200 OK (10ms)


Started GET "/books" for 127.0.0.1 at Sun Jun 30 00:04:34 -0400 2013
Processing by BooksController#index as HTML
  [1m[36mBook Load (9.5ms)[0m  [1mSELECT "books".* FROM "books" [0m
  Rendered books/index.html.erb within layouts/application (2.4ms)
Completed 200 OK in 81ms (Views: 7.3ms | ActiveRecord: 10.6ms)


Started DELETE "/books/1" for 127.0.0.1 at Sun Jun 30 00:04:38 -0400 2013
Processing by BooksController#destroy as HTML
  Parameters: {"authenticity_token"=>"qLLcao1sikjng7FafMi+cA3vDwoZByuTNW4LiHTN8JA=", "id"=>"1"}
  [1m[35mBook Load (12.0ms)[0m  SELECT "books".* FROM "books" WHERE "books"."id" = ? LIMIT 1  [["id", "1"]]
  [1m[36m (0.1ms)[0m  [1mbegin transaction[0m
  [1m[35mSQL (14.5ms)[0m  DELETE FROM "books" WHERE "books"."id" = ?  [["id", 1]]
  [1m[36m (1.6ms)[0m  [1mcommit transaction[0m
Redirected to http://localhost:3000/books
Completed 302 Found in 32ms (ActiveRecord: 28.2ms)


Started GET "/books" for 127.0.0.1 at Sun Jun 30 00:04:38 -0400 2013
Processing by BooksController#index as HTML
  [1m[35mBook Load (0.1ms)[0m  SELECT "books".* FROM "books" 
  Rendered books/index.html.erb within layouts/application (0.3ms)
Completed 200 OK in 6ms (Views: 5.0ms | ActiveRecord: 0.1ms)
Connecting to database specified by database.yml
Connecting to database specified by database.yml


Started GET "/books.json" for 127.0.0.1 at Sun Jun 30 00:09:47 -0400 2013
Processing by BooksController#index as JSON
  [1m[36mBook Load (0.1ms)[0m  [1mSELECT "books".* FROM "books" [0m
Completed 200 OK in 2ms (Views: 0.1ms | ActiveRecord: 0.5ms)


Started GET "/" for 127.0.0.1 at Sun Jun 30 11:09:55 -0400 2013
Processing by HomeController#index as HTML
  Rendered home/index.html.erb within layouts/application (0.6ms)
Completed 200 OK in 9ms (Views: 8.7ms | ActiveRecord: 0.0ms)


Started GET "/books" for 127.0.0.1 at Sun Jun 30 11:09:56 -0400 2013
Processing by BooksController#index as HTML
  [1m[35mBook Load (0.2ms)[0m  SELECT "books".* FROM "books" 
  Rendered books/index.html.erb within layouts/application (0.7ms)
Completed 200 OK in 10ms (Views: 8.7ms | ActiveRecord: 0.2ms)


Started GET "/books/new" for 127.0.0.1 at Sun Jun 30 11:09:57 -0400 2013
Processing by BooksController#new as HTML
  Rendered books/_form.html.erb (4.9ms)
  Rendered books/new.html.erb within layouts/application (45.8ms)
Completed 200 OK in 55ms (Views: 50.3ms | ActiveRecord: 0.0ms)


Started POST "/books" for 127.0.0.1 at Sun Jun 30 11:10:06 -0400 2013
Processing by BooksController#create as HTML
  Parameters: {"book"=>{"ISBN"=>"0123456789", "title"=>"Test", "author"=>"Test"}, "authenticity_token"=>"qLLcao1sikjng7FafMi+cA3vDwoZByuTNW4LiHTN8JA=", "commit"=>"Create Book", "utf8"=>"✓"}
  [1m[36m (0.1ms)[0m  [1mbegin transaction[0m
  [1m[35mSQL (59.9ms)[0m  INSERT INTO "books" ("ISBN", "author", "created_at", "title", "updated_at") VALUES (?, ?, ?, ?, ?)  [["ISBN", "0123456789"], ["author", "Test"], ["created_at", Sun, 30 Jun 2013 15:10:06 UTC +00:00], ["title", "Test"], ["updated_at", Sun, 30 Jun 2013 15:10:06 UTC +00:00]]
  [1m[36m (13.1ms)[0m  [1mcommit transaction[0m
Redirected to http://localhost:3000/books/2
Completed 302 Found in 159ms (ActiveRecord: 73.0ms)


Started GET "/books/2" for 127.0.0.1 at Sun Jun 30 11:10:06 -0400 2013
Processing by BooksController#show as HTML
  Parameters: {"id"=>"2"}
  [1m[35mBook Load (0.2ms)[0m  SELECT "books".* FROM "books" WHERE "books"."id" = ? LIMIT 1  [["id", "2"]]
  Rendered books/show.html.erb within layouts/application (1.0ms)
Completed 200 OK in 9ms (Views: 6.9ms | ActiveRecord: 0.2ms)


Started GET "/books" for 127.0.0.1 at Sun Jun 30 11:10:08 -0400 2013
Processing by BooksController#index as HTML
  [1m[36mBook Load (0.1ms)[0m  [1mSELECT "books".* FROM "books" [0m
  Rendered books/index.html.erb within layouts/application (1.2ms)
Completed 200 OK in 7ms (Views: 5.8ms | ActiveRecord: 0.1ms)


Started GET "/books.json" for 127.0.0.1 at Sun Jun 30 11:10:14 -0400 2013
Processing by BooksController#index as JSON
  [1m[35mBook Load (0.2ms)[0m  SELECT "books".* FROM "books" 
Completed 200 OK in 2ms (Views: 0.6ms | ActiveRecord: 0.2ms)


Started GET "/" for 127.0.0.1 at Wed Sep 04 18:47:59 -0400 2013
Connecting to database specified by database.yml
Processing by HomeController#index as HTML
  Rendered home/index.html.erb within layouts/application (1.8ms)
Completed 200 OK in 198ms (Views: 197.9ms | ActiveRecord: 0.0ms)


Started GET "/assets/application.css?body=1" for 127.0.0.1 at Wed Sep 04 18:48:00 -0400 2013
Served asset /application.css - 200 OK (9ms)


Started GET "/assets/books.css?body=1" for 127.0.0.1 at Wed Sep 04 18:48:00 -0400 2013
Served asset /books.css - 200 OK (2ms)


Started GET "/assets/home.css?body=1" for 127.0.0.1 at Wed Sep 04 18:48:00 -0400 2013
Served asset /home.css - 200 OK (3ms)


Started GET "/assets/scaffolds.css?body=1" for 127.0.0.1 at Wed Sep 04 18:48:00 -0400 2013
Served asset /scaffolds.css - 200 OK (4ms)


Started GET "/assets/jquery.js?body=1" for 127.0.0.1 at Wed Sep 04 18:48:00 -0400 2013
Served asset /jquery.js - 200 OK (16ms)


Started GET "/assets/jquery_ujs.js?body=1" for 127.0.0.1 at Wed Sep 04 18:48:00 -0400 2013
Served asset /jquery_ujs.js - 200 OK (3ms)


Started GET "/assets/books.js?body=1" for 127.0.0.1 at Wed Sep 04 18:48:00 -0400 2013
Served asset /books.js - 200 OK (2ms)


Started GET "/assets/home.js?body=1" for 127.0.0.1 at Wed Sep 04 18:48:00 -0400 2013
Served asset /home.js - 200 OK (3ms)


Started GET "/assets/application.js?body=1" for 127.0.0.1 at Wed Sep 04 18:48:00 -0400 2013
Served asset /application.js - 200 OK (14ms)


Started GET "/books" for 127.0.0.1 at Wed Sep 04 18:48:09 -0400 2013
Processing by BooksController#index as HTML
  [1m[36mBook Load (0.3ms)[0m  [1mSELECT "books".* FROM "books" [0m
  Rendered books/index.html.erb within layouts/application (2.5ms)
Completed 200 OK in 76ms (Views: 22.7ms | ActiveRecord: 15.2ms)


Started GET "/books/new" for 127.0.0.1 at Wed Sep 04 18:48:12 -0400 2013
Processing by BooksController#new as HTML
  Rendered books/_form.html.erb (55.9ms)
  Rendered books/new.html.erb within layouts/application (75.7ms)
Completed 200 OK in 111ms (Views: 110.2ms | ActiveRecord: 0.0ms)


Started POST "/books" for 127.0.0.1 at Wed Sep 04 18:48:22 -0400 2013
Processing by BooksController#create as HTML
  Parameters: {"utf8"=>"✓", "book"=>{"ISBN"=>"00000000", "author"=>"David Foster Wallace", "title"=>"Infite Jest"}, "authenticity_token"=>"LUciU2gDNpmwpyzzYeIx/rynX2xs20yNNLPzgN9IAqM=", "commit"=>"Create Book"}
  [1m[35m (0.1ms)[0m  begin transaction
  [1m[36m (0.1ms)[0m  [1mrollback transaction[0m
  Rendered books/_form.html.erb (4.0ms)
  Rendered books/new.html.erb within layouts/application (5.3ms)
Completed 200 OK in 92ms (Views: 11.0ms | ActiveRecord: 0.1ms)


Started POST "/books" for 127.0.0.1 at Wed Sep 04 18:48:26 -0400 2013
Processing by BooksController#create as HTML
  Parameters: {"utf8"=>"✓", "book"=>{"ISBN"=>"0000000000", "author"=>"David Foster Wallace", "title"=>"Infite Jest"}, "authenticity_token"=>"LUciU2gDNpmwpyzzYeIx/rynX2xs20yNNLPzgN9IAqM=", "commit"=>"Create Book"}
  [1m[35m (0.1ms)[0m  begin transaction
  [1m[36mSQL (51.2ms)[0m  [1mINSERT INTO "books" ("ISBN", "author", "created_at", "title", "updated_at") VALUES (?, ?, ?, ?, ?)[0m  [["ISBN", "0000000000"], ["author", "David Foster Wallace"], ["created_at", Wed, 04 Sep 2013 22:48:26 UTC +00:00], ["title", "Infite Jest"], ["updated_at", Wed, 04 Sep 2013 22:48:26 UTC +00:00]]
  [1m[35m (5.4ms)[0m  commit transaction
Redirected to http://0.0.0.0:3000/books/3
Completed 302 Found in 61ms (ActiveRecord: 56.8ms)


Started GET "/books/3" for 127.0.0.1 at Wed Sep 04 18:48:26 -0400 2013
Processing by BooksController#show as HTML
  Parameters: {"id"=>"3"}
  [1m[36mBook Load (0.2ms)[0m  [1mSELECT "books".* FROM "books" WHERE "books"."id" = ? LIMIT 1[0m  [["id", "3"]]
  Rendered books/show.html.erb within layouts/application (1.3ms)
Completed 200 OK in 23ms (Views: 21.0ms | ActiveRecord: 0.2ms)


Started GET "/books" for 127.0.0.1 at Wed Sep 04 18:48:28 -0400 2013
Processing by BooksController#index as HTML
  [1m[35mBook Load (0.2ms)[0m  SELECT "books".* FROM "books" 
  Rendered books/index.html.erb within layouts/application (2.2ms)
Completed 200 OK in 35ms (Views: 33.9ms | ActiveRecord: 0.2ms)


Started GET "/books/3" for 127.0.0.1 at Wed Sep 04 18:48:31 -0400 2013
Processing by BooksController#show as HTML
  Parameters: {"id"=>"3"}
  [1m[36mBook Load (0.2ms)[0m  [1mSELECT "books".* FROM "books" WHERE "books"."id" = ? LIMIT 1[0m  [["id", "3"]]
  Rendered books/show.html.erb within layouts/application (0.6ms)
Completed 200 OK in 7ms (Views: 5.0ms | ActiveRecord: 0.2ms)
